Generating 73 images for expansion chapters...
==================================================

[1/73] Generating: hebrew-aleph-card
  Error: HTTP Error 400: Bad Request, attempt 1/3
  Error: HTTP Error 400: Bad Request, attempt 2/3
  Error: HTTP Error 400: Bad Request, attempt 3/3
  FAILED: hebrew-aleph-card

[2/73] Generating: hebrew-full-alphabet
  Error: HTTP Error 400: Bad Request, attempt 1/3
  Error: HTTP Error 400: Bad Request, attempt 2/3
  Error: HTTP Error 400: Bad Request, attempt 3/3
  FAILED: hebrew-full-alphabet

[3/73] Generating: hebrew-mother-letters
  Error: HTTP Error 400: Bad Request, attempt 1/3
  Error: HTTP Error 400: Bad Request, attempt 2/3
  Error: HTTP Error 400: Bad Request, attempt 3/3
  FAILED: hebrew-mother-letters

[4/73] Generating: hebrew-double-letters
  Error: HTTP Error 400: Bad Request, attempt 1/3
  Error: HTTP Error 400: Bad Request, attempt 2/3
  Error: HTTP Error 400: Bad Request, attempt 3/3
  FAILED: hebrew-double-letters

[5/73] Generating: hebrew-simple-letters
  Error: HTTP Error 400: Bad Request, attempt 1/3
  Error: HTTP Error 400: Bad Request, attempt 2/3
  Error: HTTP Error 400: Bad Request, attempt 3/3
  FAILED: hebrew-simple-letters

[6/73] Generating: gematria-calculation
  Error: HTTP Error 400: Bad Request, attempt 1/3
  Error: HTTP Error 400: Bad Request, attempt 2/3
  Error: HTTP Error 400: Bad Request, attempt 3/3
  FAILED: gematria-calculation

[7/73] Generating: hebrew-tarot-connection
  Error: HTTP Error 400: Bad Request, attempt 1/3
  Error: HTTP Error 400: Bad Request, attempt 2/3
  Error: HTTP Error 400: Bad Request, attempt 3/3
  FAILED: hebrew-tarot-connection

[8/73] Generating: hebrew-tree-paths
  Error: HTTP Error 400: Bad Request, attempt 1/3
  Error: HTTP Error 400: Bad Request, attempt 2/3
  Error: HTTP Error 400: Bad Request, attempt 3/3
  FAILED: hebrew-tree-paths

[9/73] Generating: notarikon-example
  Error: HTTP Error 400: Bad Request, attempt 1/3
  Error: HTTP Error 400: Bad Request, attempt 2/3
  Error: HTTP Error 400: Bad Request, attempt 3/3
  FAILED: notarikon-example

[10/73] Generating: diary-page-template
  Error: HTTP Error 400: Bad Request, attempt 1/3
  Error: HTTP Error 400: Bad Request, attempt 2/3
  Error: HTTP Error 400: Bad Request, attempt 3/3
  FAILED: diary-page-template

[11/73] Generating: diary-evocation-template
  Error: HTTP Error 400: Bad Request, attempt 1/3
  Error: HTTP Error 400: Bad Request, attempt 2/3
  Error: HTTP Error 400: Bad Request, attempt 3/3
  FAILED: diary-evocation-template

[12/73] Generating: theban-alphabet
  Error: HTTP Error 400: Bad Request, attempt 1/3
  Error: HTTP Error 400: Bad Request, attempt 2/3
  Error: HTTP Error 400: Bad Request, attempt 3/3
  FAILED: theban-alphabet

[13/73] Generating: malachim-script
  Error: HTTP Error 400: Bad Request, attempt 1/3
  Error: HTTP Error 400: Bad Request, attempt 2/3
  Error: HTTP Error 400: Bad Request, attempt 3/3
  FAILED: malachim-script

[14/73] Generating: celestial-script
  Error: HTTP Error 400: Bad Request, attempt 1/3
  Error: HTTP Error 400: Bad Request, attempt 2/3
  Error: HTTP Error 400: Bad Request, attempt 3/3
  FAILED: celestial-script

[15/73] Generating: diary-analysis-chart
  Error: HTTP Error 400: Bad Request, attempt 1/3
  Error: HTTP Error 400: Bad Request, attempt 2/3
  Error: HTTP Error 400: Bad Request, attempt 3/3
  FAILED: diary-analysis-chart

[16/73] Generating: astral-body-exit
  Error: HTTP Error 400: Bad Request, attempt 1/3
  Error: HTTP Error 400: Bad Request, attempt 2/3
  Error: HTTP Error 400: Bad Request, attempt 3/3
  FAILED: astral-body-exit

[17/73] Generating: silver-cord
  Error: HTTP Error 400: Bad Request, attempt 1/3
  Error: HTTP Error 400: Bad Request, attempt 2/3
  Error: HTTP Error 400: Bad Request, attempt 3/3
  FAILED: silver-cord

[18/73] Generating: lucid-dream-state
  Error: HTTP Error 400: Bad Request, attempt 1/3
  Error: HTTP Error 400: Bad Request, attempt 2/3
  Error: HTTP Error 400: Bad Request, attempt 3/3
  FAILED: lucid-dream-state

[19/73] Generating: rope-technique
  Error: HTTP Error 400: Bad Request, attempt 1/3
  Error: HTTP Error 400: Bad Request, attempt 2/3
  Error: HTTP Error 400: Bad Request, attempt 3/3
  FAILED: rope-technique

[20/73] Generating: scrying-black-mirror
  Error: HTTP Error 400: Bad Request, attempt 1/3
  Error: HTTP Error 400: Bad Request, attempt 2/3
  Error: HTTP Error 400: Bad Request, attempt 3/3
  FAILED: scrying-black-mirror

[21/73] Generating: scrying-crystal-ball
  Error: HTTP Error 400: Bad Request, attempt 1/3
  Error: HTTP Error 400: Bad Request, attempt 2/3
  Error: HTTP Error 400: Bad Request, attempt 3/3
  FAILED: scrying-crystal-ball

[22/73] Generating: astral-plane-layers
  Error: HTTP Error 400: Bad Request, attempt 1/3
  Error: HTTP Error 400: Bad Request, attempt 2/3
  Error: HTTP Error 400: Bad Request, attempt 3/3
  FAILED: astral-plane-layers

[23/73] Generating: astral-guardian
  Error: HTTP Error 400: Bad Request, attempt 1/3
  Error: HTTP Error 400: Bad Request, attempt 2/3
  Error: HTTP Error 400: Bad Request, attempt 3/3
  FAILED: astral-guardian

[24/73] Generating: ancestor-altar-setup
  Error: HTTP Error 400: Bad Request, attempt 1/3
  Error: HTTP Error 400: Bad Request, attempt 2/3
  Error: HTTP Error 400: Bad Request, attempt 3/3
  FAILED: ancestor-altar-setup

[25/73] Generating: family-tree-spiritual
  Error: HTTP Error 400: Bad Request, attempt 1/3
  Error: HTTP Error 400: Bad Request, attempt 2/3
  Error: HTTP Error 400: Bad Request, attempt 3/3
  FAILED: family-tree-spiritual

[26/73] Generating: ancestor-offerings
  Error: HTTP Error 400: Bad Request, attempt 1/3
  Error: HTTP Error 400: Bad Request, attempt 2/3
  Error: HTTP Error 400: Bad Request, attempt 3/3
  FAILED: ancestor-offerings

[27/73] Generating: ancestor-meditation
  Error: HTTP Error 400: Bad Request, attempt 1/3
  Error: HTTP Error 400: Bad Request, attempt 2/3
  Error: HTTP Error 400: Bad Request, attempt 3/3
  FAILED: ancestor-meditation

[28/73] Generating: samhain-ancestor-ritual
  Error: HTTP Error 400: Bad Request, attempt 1/3
  Error: HTTP Error 400: Bad Request, attempt 2/3
  Error: HTTP Error 400: Bad Request, attempt 3/3
  FAILED: samhain-ancestor-ritual

[29/73] Generating: lineage-healing-ritual
  Error: HTTP Error 400: Bad Request, attempt 1/3
  Error: HTTP Error 400: Bad Request, attempt 2/3
  Error: HTTP Error 400: Bad Request, attempt 3/3
  FAILED: lineage-healing-ritual

[30/73] Generating: seven-alchemical-stages
  Error: HTTP Error 400: Bad Request, attempt 1/3
  Error: HTTP Error 400: Bad Request, attempt 2/3
  Error: HTTP Error 400: Bad Request, attempt 3/3
  FAILED: seven-alchemical-stages

[31/73] Generating: sulfur-mercury-salt
  Error: HTTP Error 400: Bad Request, attempt 1/3
  Error: HTTP Error 400: Bad Request, attempt 2/3
  Error: HTTP Error 400: Bad Request, attempt 3/3
  FAILED: sulfur-mercury-salt

[32/73] Generating: alchemical-symbols-chart
  Error: HTTP Error 400: Bad Request, attempt 1/3
  Error: HTTP Error 400: Bad Request, attempt 2/3
  Error: HTTP Error 400: Bad Request, attempt 3/3
  FAILED: alchemical-symbols-chart

[33/73] Generating: spagyric-tincture
  Error: HTTP Error 400: Bad Request, attempt 1/3
  Error: HTTP Error 400: Bad Request, attempt 2/3
  Error: HTTP Error 400: Bad Request, attempt 3/3
  FAILED: spagyric-tincture

[34/73] Generating: athanor-furnace
  Error: HTTP Error 400: Bad Request, attempt 1/3
  Error: HTTP Error 400: Bad Request, attempt 2/3
  Error: HTTP Error 400: Bad Request, attempt 3/3
  FAILED: athanor-furnace

[35/73] Generating: philosophers-stone-symbol
  Error: HTTP Error 400: Bad Request, attempt 1/3
  Error: HTTP Error 400: Bad Request, attempt 2/3
  Error: HTTP Error 400: Bad Request, attempt 3/3
  FAILED: philosophers-stone-symbol

[36/73] Generating: inner-alchemy-stages
  Error: HTTP Error 400: Bad Request, attempt 1/3
  Error: HTTP Error 400: Bad Request, attempt 2/3
  Error: HTTP Error 400: Bad Request, attempt 3/3
  FAILED: inner-alchemy-stages

[37/73] Generating: plant-alchemy-process
  Error: HTTP Error 400: Bad Request, attempt 1/3
  Error: HTTP Error 400: Bad Request, attempt 2/3
  Error: HTTP Error 400: Bad Request, attempt 3/3
  FAILED: plant-alchemy-process

[38/73] Generating: group-circle-formation
  Error: HTTP Error 400: Bad Request, attempt 1/3
  Error: HTTP Error 400: Bad Request, attempt 2/3
  Error: HTTP Error 400: Bad Request, attempt 3/3
  FAILED: group-circle-formation

[39/73] Generating: lodge-officer-positions
  Error: HTTP Error 400: Bad Request, attempt 1/3
  Error: HTTP Error 400: Bad Request, attempt 2/3
  Error: HTTP Error 400: Bad Request, attempt 3/3
  FAILED: lodge-officer-positions

[40/73] Generating: group-lbrp-formation
  Error: HTTP Error 400: Bad Request, attempt 1/3
  Error: HTTP Error 400: Bad Request, attempt 2/3
  Error: HTTP Error 400: Bad Request, attempt 3/3
  FAILED: group-lbrp-formation

[41/73] Generating: egregore-visualization
  Error: HTTP Error 400: Bad Request, attempt 1/3
  Error: HTTP Error 400: Bad Request, attempt 2/3
  Error: HTTP Error 400: Bad Request, attempt 3/3
  FAILED: egregore-visualization

[42/73] Generating: initiation-ceremony-group
  Error: HTTP Error 400: Bad Request, attempt 1/3
  Error: HTTP Error 400: Bad Request, attempt 2/3
  Error: HTTP Error 400: Bad Request, attempt 3/3
  FAILED: initiation-ceremony-group

[43/73] Generating: coven-altar
  Error: HTTP Error 400: Bad Request, attempt 1/3
  Error: HTTP Error 400: Bad Request, attempt 2/3
  Error: HTTP Error 400: Bad Request, attempt 3/3
  FAILED: coven-altar

[44/73] Generating: online-ritual-setup
  Error: HTTP Error 400: Bad Request, attempt 1/3
  Error: HTTP Error 400: Bad Request, attempt 2/3
  Error: HTTP Error 400: Bad Request, attempt 3/3
  FAILED: online-ritual-setup

[45/73] Generating: key-of-solomon-manuscript
  Error: HTTP Error 400: Bad Request, attempt 1/3
  Error: HTTP Error 400: Bad Request, attempt 2/3
  Error: HTTP Error 400: Bad Request, attempt 3/3
  FAILED: key-of-solomon-manuscript

[46/73] Generating: lemegeton-goetia-page
  Error: HTTP Error 400: Bad Request, attempt 1/3
  Error: HTTP Error 400: Bad Request, attempt 2/3
  Error: HTTP Error 400: Bad Request, attempt 3/3
  FAILED: lemegeton-goetia-page

[47/73] Generating: agrippa-three-books
  Error: HTTP Error 400: Bad Request, attempt 1/3
  Error: HTTP Error 400: Bad Request, attempt 2/3
  Error: HTTP Error 400: Bad Request, attempt 3/3
  FAILED: agrippa-three-books

[48/73] Generating: eliphas-levi-portrait
  Error: HTTP Error 400: Bad Request, attempt 1/3
  Error: HTTP Error 400: Bad Request, attempt 2/3
  Error: HTTP Error 400: Bad Request, attempt 3/3
  FAILED: eliphas-levi-portrait

[49/73] Generating: crowley-magick-cover
  Error: HTTP Error 400: Bad Request, attempt 1/3
  Error: HTTP Error 400: Bad Request, attempt 2/3
  Error: HTTP Error 400: Bad Request, attempt 3/3
  FAILED: crowley-magick-cover

[50/73] Generating: golden-dawn-cipher
  Error: HTTP Error 400: Bad Request, attempt 1/3
  Error: HTTP Error 400: Bad Request, attempt 2/3
  Error: HTTP Error 400: Bad Request, attempt 3/3
  FAILED: golden-dawn-cipher

[51/73] Generating: modern-grimoire-shelf
  Error: HTTP Error 400: Bad Request, attempt 1/3
  Error: HTTP Error 400: Bad Request, attempt 2/3
  Error: HTTP Error 400: Bad Request, attempt 3/3
  FAILED: modern-grimoire-shelf

[52/73] Generating: sefer-yetzirah
  Error: HTTP Error 400: Bad Request, attempt 1/3
  Error: HTTP Error 400: Bad Request, attempt 2/3
  Error: HTTP Error 400: Bad Request, attempt 3/3
  FAILED: sefer-yetzirah

[53/73] Generating: golden-dawn-temple-room
  Error: HTTP Error 400: Bad Request, attempt 1/3
  Error: HTTP Error 400: Bad Request, attempt 2/3
  Error: HTTP Error 400: Bad Request, attempt 3/3
  FAILED: golden-dawn-temple-room

[54/73] Generating: thelema-unicursal-hexagram
  Error: HTTP Error 400: Bad Request, attempt 1/3
  Error: HTTP Error 400: Bad Request, attempt 2/3
  Error: HTTP Error 400: Bad Request, attempt 3/3
  FAILED: thelema-unicursal-hexagram

[55/73] Generating: chaos-magic-sphere
  Error: HTTP Error 400: Bad Request, attempt 1/3
  Error: HTTP Error 400: Bad Request, attempt 2/3
  Error: HTTP Error 400: Bad Request, attempt 3/3
  FAILED: chaos-magic-sphere

[56/73] Generating: wicca-altar-setup
  Error: HTTP Error 400: Bad Request, attempt 1/3
  Error: HTTP Error 400: Bad Request, attempt 2/3
  Error: HTTP Error 400: Bad Request, attempt 3/3
  FAILED: wicca-altar-setup

[57/73] Generating: enochian-tablet-earth
  Error: HTTP Error 400: Bad Request, attempt 1/3
  Error: HTTP Error 400: Bad Request, attempt 2/3
  Error: HTTP Error 400: Bad Request, attempt 3/3
  FAILED: enochian-tablet-earth

[58/73] Generating: eastern-western-synthesis
  Error: HTTP Error 400: Bad Request, attempt 1/3
  Error: HTTP Error 400: Bad Request, attempt 2/3
  Error: HTTP Error 400: Bad Request, attempt 3/3
  FAILED: eastern-western-synthesis

[59/73] Generating: hoodoo-mojo-bag
  Error: HTTP Error 400: Bad Request, attempt 1/3
  Error: HTTP Error 400: Bad Request, attempt 2/3
  Error: HTTP Error 400: Bad Request, attempt 3/3
  FAILED: hoodoo-mojo-bag

[60/73] Generating: solomon-temple-reconstruction
  Error: HTTP Error 400: Bad Request, attempt 1/3
  Error: HTTP Error 400: Bad Request, attempt 2/3
  Error: HTTP Error 400: Bad Request, attempt 3/3
  FAILED: solomon-temple-reconstruction

[61/73] Generating: egyptian-temple-magic
  Error: HTTP Error 400: Bad Request, attempt 1/3
  Error: HTTP Error 400: Bad Request, attempt 2/3
  Error: HTTP Error 400: Bad Request, attempt 3/3
  FAILED: egyptian-temple-magic

[62/73] Generating: medieval-grimoire-page
  Error: HTTP Error 400: Bad Request, attempt 1/3
  Error: HTTP Error 400: Bad Request, attempt 2/3
  Error: HTTP Error 400: Bad Request, attempt 3/3
  FAILED: medieval-grimoire-page

[63/73] Generating: renaissance-magus-study
  Error: HTTP Error 400: Bad Request, attempt 1/3
  Error: HTTP Error 400: Bad Request, attempt 2/3
  Error: HTTP Error 400: Bad Request, attempt 3/3
  FAILED: renaissance-magus-study

[64/73] Generating: john-dee-enochian
  Error: HTTP Error 400: Bad Request, attempt 1/3
  Error: HTTP Error 400: Bad Request, attempt 2/3
  Error: HTTP Error 400: Bad Request, attempt 3/3
  FAILED: john-dee-enochian

[65/73] Generating: victorian-seance
  Error: HTTP Error 400: Bad Request, attempt 1/3
  Error: HTTP Error 400: Bad Request, attempt 2/3
  Error: HTTP Error 400: Bad Request, attempt 3/3
  FAILED: victorian-seance

[66/73] Generating: modern-ceremonial-magician
  Error: HTTP Error 400: Bad Request, attempt 1/3
  Error: HTTP Error 400: Bad Request, attempt 2/3
  Error: HTTP Error 400: Bad Request, attempt 3/3
  FAILED: modern-ceremonial-magician

[67/73] Generating: magic-history-timeline
  Error: HTTP Error 400: Bad Request, attempt 1/3
  Error: HTTP Error 400: Bad Request, attempt 2/3
  Error: HTTP Error 400: Bad Request, attempt 3/3
  FAILED: magic-history-timeline

[68/73] Generating: successful-evocation-scene
  Error: HTTP Error 400: Bad Request, attempt 1/3
  Error: HTTP Error 400: Bad Request, attempt 2/3
  Error: HTTP Error 400: Bad Request, attempt 3/3
  FAILED: successful-evocation-scene

[69/73] Generating: magical-diary-entries
  Error: HTTP Error 400: Bad Request, attempt 1/3
  Error: HTTP Error 400: Bad Request, attempt 2/3
  Error: HTTP Error 400: Bad Request, attempt 3/3
  FAILED: magical-diary-entries

[70/73] Generating: synchronicity-signs
  Error: HTTP Error 400: Bad Request, attempt 1/3
  Error: HTTP Error 400: Bad Request, attempt 2/3
  Error: HTTP Error 400: Bad Request, attempt 3/3
  FAILED: synchronicity-signs

[71/73] Generating: beginner-altar-mistakes
  Error: HTTP Error 400: Bad Request, attempt 1/3
  Error: HTTP Error 400: Bad Request, attempt 2/3
  Error: HTTP Error 400: Bad Request, attempt 3/3
  FAILED: beginner-altar-mistakes

[72/73] Generating: master-magician-advice
  Error: HTTP Error 400: Bad Request, attempt 1/3
  Error: HTTP Error 400: Bad Request, attempt 2/3
  Error: HTTP Error 400: Bad Request, attempt 3/3
  FAILED: master-magician-advice

[73/73] Generating: balance-magic-life
  Error: HTTP Error 400: Bad Request, attempt 1/3
  Error: HTTP Error 400: Bad Request, attempt 2/3
  Error: HTTP Error 400: Bad Request, attempt 3/3
  FAILED: balance-magic-life

==================================================
Generation complete: 0 success, 73 failed

Converting to JPEG...

Done!
